Using pre-set license
Built from '2020.3/staging' branch; Version is '2020.3.5f1 (8095aa901b9b) revision 8426922'; Using compiler version '192528614'; Build Type 'Release'
OS: 'Windows 10 Home; OS build 19043.2006; Version 2009; 64bit' Language: 'no' Physical Memory: 16292 MB
BatchMode: 1, IsHumanControllingUs: 0, StartBugReporterOnCrash: 0, Is64bit: 1, IsPro: 0

 COMMAND LINE ARGUMENTS:
C:\Program Files\Unity\Hub\Editor\2020.3.5f1\Editor\Unity.exe
-adb2
-batchMode
-noUpm
-name
AssetImportWorker0
-projectPath
G:/Unity Games/RAM/Ram Prototype 1
-logFile
Logs/AssetImportWorker0.log
-srvPort
53743
Successfully changed project path to: G:/Unity Games/RAM/Ram Prototype 1
G:/Unity Games/RAM/Ram Prototype 1
Using Asset Import Pipeline V2.
Refreshing native plugins compatible for Editor in 23.36 ms, found 0 plugins.
Preloading 0 native plugins for Editor in 0.00 ms.
Initialize engine version: 2020.3.5f1 (8095aa901b9b)
[Subsystems] Discovering subsystems at path C:/Program Files/Unity/Hub/Editor/2020.3.5f1/Editor/Data/Resources/UnitySubsystems
[Subsystems] Discovering subsystems at path G:/Unity Games/RAM/Ram Prototype 1/Assets
GfxDevice: creating device client; threaded=0
Direct3D:
    Version:  Direct3D 11.0 [level 11.1]
    Renderer: NVIDIA GeForce RTX 2060 (ID=0x1f08)
    Vendor:   
    VRAM:     5980 MB
    Driver:   31.0.15.1659
Initialize mono
Mono path[0] = 'C:/Program Files/Unity/Hub/Editor/2020.3.5f1/Editor/Data/Managed'
Mono path[1] = 'C:/Program Files/Unity/Hub/Editor/2020.3.5f1/Editor/Data/MonoBleedingEdge/lib/mono/unityjit'
Mono config path = 'C:/Program Files/Unity/Hub/Editor/2020.3.5f1/Editor/Data/MonoBleedingEdge/etc'
Using monoOptions --debugger-agent=transport=dt_socket,embedding=1,server=y,suspend=n,address=127.0.0.1:56356
Begin MonoManager ReloadAssembly
Registering precompiled unity dll's ...
Register platform support module: C:/Program Files/Unity/Hub/Editor/2020.3.5f1/Editor/Data/PlaybackEngines/WebGLSupport/UnityEditor.WebGL.Extensions.dll
Register platform support module: C:/Program Files/Unity/Hub/Editor/2020.3.5f1/Editor/Data/PlaybackEngines/WindowsStandaloneSupport/UnityEditor.WindowsStandalone.Extensions.dll
Registered in 0.002451 seconds.
Native extension for WindowsStandalone target not found
Native extension for WebGL target not found
Refreshing native plugins compatible for Editor in 24.80 ms, found 0 plugins.
Preloading 0 native plugins for Editor in 0.00 ms.
Mono: successfully reloaded assembly
- Completed reload, in  1.002 seconds
Platform modules already initialized, skipping
Registering precompiled user dll's ...
Registered in 0.000464 seconds.
Begin MonoManager ReloadAssembly
Native extension for WindowsStandalone target not found
Native extension for WebGL target not found
Refreshing native plugins compatible for Editor in 0.30 ms, found 0 plugins.
Preloading 0 native plugins for Editor in 0.00 ms.
Mono: successfully reloaded assembly
- Completed reload, in  0.723 seconds
Platform modules already initialized, skipping
========================================================================
Worker process is ready to serve import requests
Launched and connected shader compiler UnityShaderCompiler.exe after 0.04 seconds
Refreshing native plugins compatible for Editor in 0.33 ms, found 0 plugins.
Preloading 0 native plugins for Editor in 0.00 ms.
Unloading 1313 Unused Serialized files (Serialized files now loaded: 0)
System memory in use before: 154.5 MB.
System memory in use after: 154.6 MB.

Unloading 10 unused Assets to reduce memory usage. Loaded Objects now: 1781.
Total: 2.070500 ms (FindLiveObjects: 0.201300 ms CreateObjectMapping: 0.030200 ms MarkObjects: 1.735300 ms  DeleteObjects: 0.102300 ms)

========================================================================
Received Import Request.
  path: Assets/Easy Character Movement/Examples/Textures/SwatchWhiteAlbedo.png
  artifactKey: Guid(5c2b16cf7982bb74c8d0c217c353b2b8) Importer(815301076,1909f56bfc062723c751e8b465ee728b)
Start importing Assets/Easy Character Movement/Examples/Textures/SwatchWhiteAlbedo.png using Guid(5c2b16cf7982bb74c8d0c217c353b2b8) Importer(815301076,1909f56bfc062723c751e8b465ee728b)  -> (artifact id: '5796ebfc4059d1c365271375791fe9bb') in 0.057056 seconds
  Import took 0.059225 seconds .

========================================================================
Received Import Request.
  Time since last request: 0.000201 seconds.
  path: Assets/Easy Character Movement/Examples/Textures/SwatchPinkDAlbedo.png
  artifactKey: Guid(5e74dba4fe7d8f3469fd52828cb1f76c) Importer(815301076,1909f56bfc062723c751e8b465ee728b)
Start importing Assets/Easy Character Movement/Examples/Textures/SwatchPinkDAlbedo.png using Guid(5e74dba4fe7d8f3469fd52828cb1f76c) Importer(815301076,1909f56bfc062723c751e8b465ee728b)  -> (artifact id: '7bc1af45be23df8e1f43b204dd53d26f') in 0.007623 seconds
  Import took 0.009541 seconds .

========================================================================
Received Import Request.
  Time since last request: 0.000205 seconds.
  path: Assets/Easy Character Movement/Examples/Textures/EthanNormals.png
  artifactKey: Guid(3b5b7be0f2332c24f89a2af018daa62d) Importer(815301076,1909f56bfc062723c751e8b465ee728b)
Start importing Assets/Easy Character Movement/Examples/Textures/EthanNormals.png using Guid(3b5b7be0f2332c24f89a2af018daa62d) Importer(815301076,1909f56bfc062723c751e8b465ee728b)  -> (artifact id: '3672e72d69ad9d30babf519585393991') in 0.106653 seconds
  Import took 0.110575 seconds .

========================================================================
Received Import Request.
  Time since last request: 0.000213 seconds.
  path: Assets/Easy Character Movement/Examples/Textures/SwatchTealAlbedo.png
  artifactKey: Guid(cbc69719d6aad9248a9a7508f2a6d12d) Importer(815301076,1909f56bfc062723c751e8b465ee728b)
Start importing Assets/Easy Character Movement/Examples/Textures/SwatchTealAlbedo.png using Guid(cbc69719d6aad9248a9a7508f2a6d12d) Importer(815301076,1909f56bfc062723c751e8b465ee728b)  -> (artifact id: '02b72a002658c586499a4302f2b45363') in 0.007683 seconds
  Import took 0.009602 seconds .

========================================================================
Received Import Request.
  Time since last request: 0.000191 seconds.
  path: Assets/Easy Character Movement/Examples/Textures/SwatchNavyDarkAlbedo.png
  artifactKey: Guid(68f67fa0fcd7026438e27d55139ea953) Importer(815301076,1909f56bfc062723c751e8b465ee728b)
Start importing Assets/Easy Character Movement/Examples/Textures/SwatchNavyDarkAlbedo.png using Guid(68f67fa0fcd7026438e27d55139ea953) Importer(815301076,1909f56bfc062723c751e8b465ee728b)  -> (artifact id: 'aa72677d6a0a0737ecd0359ac1a7bdba') in 0.007486 seconds
  Import took 0.009387 seconds .

========================================================================
Received Import Request.
  Time since last request: 0.000197 seconds.
  path: Assets/Easy Character Movement/Examples/Textures/GridEmissive.png
  artifactKey: Guid(0fc0461f0391f15418b111c1c1b0321e) Importer(815301076,1909f56bfc062723c751e8b465ee728b)
Start importing Assets/Easy Character Movement/Examples/Textures/GridEmissive.png using Guid(0fc0461f0391f15418b111c1c1b0321e) Importer(815301076,1909f56bfc062723c751e8b465ee728b)  -> (artifact id: 'f00f78ed733e9d759943a4f62c7b74a7') in 0.010037 seconds
  Import took 0.011968 seconds .

========================================================================
Received Import Request.
  Time since last request: 0.000174 seconds.
  path: Assets/Easy Character Movement/Examples/Textures/SwatchYellowAlbedo.png
  artifactKey: Guid(706724170004c7d45b681ec19cab8449) Importer(815301076,1909f56bfc062723c751e8b465ee728b)
Start importing Assets/Easy Character Movement/Examples/Textures/SwatchYellowAlbedo.png using Guid(706724170004c7d45b681ec19cab8449) Importer(815301076,1909f56bfc062723c751e8b465ee728b)  -> (artifact id: '1f4d10e48a1de3f77fa51fd94bd36185') in 0.007760 seconds
  Import took 0.009772 seconds .

========================================================================
Received Import Request.
  Time since last request: 0.000255 seconds.
  path: Assets/Easy Character Movement/Examples/Textures/SwatchOrangeAlbedo.png
  artifactKey: Guid(bbc54d7b3f5ed694187c7a002b4dbfe7) Importer(815301076,1909f56bfc062723c751e8b465ee728b)
Start importing Assets/Easy Character Movement/Examples/Textures/SwatchOrangeAlbedo.png using Guid(bbc54d7b3f5ed694187c7a002b4dbfe7) Importer(815301076,1909f56bfc062723c751e8b465ee728b)  -> (artifact id: '20ced9bf3c1dbf24be96ca1b76cc23da') in 0.007518 seconds
  Import took 0.009380 seconds .

========================================================================
Received Import Request.
  Time since last request: 0.000180 seconds.
  path: Assets/Easy Character Movement/Examples/Textures/SwatchTurquoiseAlbedo.png
  artifactKey: Guid(8cf83c75878a1e2449730fc6233062b0) Importer(815301076,1909f56bfc062723c751e8b465ee728b)
Start importing Assets/Easy Character Movement/Examples/Textures/SwatchTurquoiseAlbedo.png using Guid(8cf83c75878a1e2449730fc6233062b0) Importer(815301076,1909f56bfc062723c751e8b465ee728b)  -> (artifact id: '8a597ff58b9409a5861aac559a4dcde8') in 0.009355 seconds
  Import took 0.011229 seconds .

========================================================================
Received Import Request.
  Time since last request: 0.000185 seconds.
  path: Assets/Easy Character Movement/Examples/Textures/SwatchNavyAlbedo.png
  artifactKey: Guid(234f7f0577eb9c94ca471520b5d6be05) Importer(815301076,1909f56bfc062723c751e8b465ee728b)
Start importing Assets/Easy Character Movement/Examples/Textures/SwatchNavyAlbedo.png using Guid(234f7f0577eb9c94ca471520b5d6be05) Importer(815301076,1909f56bfc062723c751e8b465ee728b)  -> (artifact id: 'e2e28e4a3bc590e75de16f09e14a1884') in 0.007272 seconds
  Import took 0.009198 seconds .

========================================================================
Received Import Request.
  Time since last request: 0.000188 seconds.
  path: Assets/Easy Character Movement/Examples/Textures/SwatchMauveAlbedo.png
  artifactKey: Guid(a52d6421c88a70c4aa8aae09ac148acb) Importer(815301076,1909f56bfc062723c751e8b465ee728b)
Start importing Assets/Easy Character Movement/Examples/Textures/SwatchMauveAlbedo.png using Guid(a52d6421c88a70c4aa8aae09ac148acb) Importer(815301076,1909f56bfc062723c751e8b465ee728b)  -> (artifact id: 'e6b60bbe45c6762988f859ce25633c3b') in 0.006993 seconds
  Import took 0.008911 seconds .

========================================================================
Received Import Request.
  Time since last request: 3.492746 seconds.
  path: Assets/New Terrain.asset
  artifactKey: Guid(59ec57e6be96a5141861880702ea1809) Importer(815301076,1909f56bfc062723c751e8b465ee728b)
Start importing Assets/New Terrain.asset using Guid(59ec57e6be96a5141861880702ea1809) Importer(815301076,1909f56bfc062723c751e8b465ee728b)  -> (artifact id: '300affa5696a69cc1eb686e6ddf0b1c6') in 0.016382 seconds
  Import took 0.019021 seconds .

========================================================================
Received Import Request.
  Time since last request: 0.000205 seconds.
  path: Assets/NewLayer.terrainlayer
  artifactKey: Guid(d805cac3a31191048ba3cf019750ccfd) Importer(815301076,1909f56bfc062723c751e8b465ee728b)
Start importing Assets/NewLayer.terrainlayer using Guid(d805cac3a31191048ba3cf019750ccfd) Importer(815301076,1909f56bfc062723c751e8b465ee728b)  -> (artifact id: '847d50a17737c0eb7aead134b1b057dd') in 0.014655 seconds
  Import took 0.016693 seconds .

========================================================================
Received Prepare
Registering precompiled user dll's ...
Registered in 0.000510 seconds.
Begin MonoManager ReloadAssembly
Native extension for WindowsStandalone target not found
Native extension for WebGL target not found
Refreshing native plugins compatible for Editor in 0.30 ms, found 0 plugins.
Preloading 0 native plugins for Editor in 0.00 ms.
Mono: successfully reloaded assembly
- Completed reload, in  0.668 seconds
Platform modules already initialized, skipping
Refreshing native plugins compatible for Editor in 0.35 ms, found 0 plugins.
Preloading 0 native plugins for Editor in 0.00 ms.
Unloading 1306 Unused Serialized files (Serialized files now loaded: 0)
System memory in use before: 157.5 MB.
System memory in use after: 157.5 MB.

Unloading 6 unused Assets to reduce memory usage. Loaded Objects now: 1792.
Total: 1.900600 ms (FindLiveObjects: 0.265500 ms CreateObjectMapping: 0.029300 ms MarkObjects: 1.489000 ms  DeleteObjects: 0.115900 ms)

========================================================================
Received Prepare
Registering precompiled user dll's ...
Registered in 0.000571 seconds.
Begin MonoManager ReloadAssembly
Native extension for WindowsStandalone target not found
Native extension for WebGL target not found
Refreshing native plugins compatible for Editor in 0.29 ms, found 0 plugins.
Preloading 0 native plugins for Editor in 0.00 ms.
Mono: successfully reloaded assembly
- Completed reload, in  0.703 seconds
Platform modules already initialized, skipping
Refreshing native plugins compatible for Editor in 0.35 ms, found 0 plugins.
Preloading 0 native plugins for Editor in 0.00 ms.
Unloading 1306 Unused Serialized files (Serialized files now loaded: 0)
System memory in use before: 157.5 MB.
System memory in use after: 157.6 MB.

Unloading 6 unused Assets to reduce memory usage. Loaded Objects now: 1795.
Total: 1.745200 ms (FindLiveObjects: 0.226400 ms CreateObjectMapping: 0.031400 ms MarkObjects: 1.387700 ms  DeleteObjects: 0.098400 ms)

========================================================================
Received Import Request.
  Time since last request: 76.580433 seconds.
  path: Assets/Easy Character Movement/Examples/Textures/EthanAlbedoSpecular.png
  artifactKey: Guid(e16ba951474c692438462eb2fe55d599) Importer(815301076,1909f56bfc062723c751e8b465ee728b)
Start importing Assets/Easy Character Movement/Examples/Textures/EthanAlbedoSpecular.png using Guid(e16ba951474c692438462eb2fe55d599) Importer(815301076,1909f56bfc062723c751e8b465ee728b)  -> (artifact id: '2bae429af626534c93a1f0b03047dd98') in 0.037257 seconds
  Import took 0.039621 seconds .

========================================================================
Received Import Request.
  Time since last request: 0.000179 seconds.
  path: Assets/Easy Character Movement/Examples/Textures/EthanOcclusion.png
  artifactKey: Guid(4e2f32e9a1fefc24092337ae061f3dbc) Importer(815301076,1909f56bfc062723c751e8b465ee728b)
Start importing Assets/Easy Character Movement/Examples/Textures/EthanOcclusion.png using Guid(4e2f32e9a1fefc24092337ae061f3dbc) Importer(815301076,1909f56bfc062723c751e8b465ee728b)  -> (artifact id: '0655489c63a198a7fff55d77f4218139') in 0.040582 seconds
  Import took 0.042469 seconds .

========================================================================
Received Import Request.
  Time since last request: 0.002048 seconds.
  path: Assets/Easy Character Movement/Examples/Textures/EthanOcclusion.png
  artifactKey: Guid(4e2f32e9a1fefc24092337ae061f3dbc) Importer(815301076,1909f56bfc062723c751e8b465ee728b)
Start importing Assets/Easy Character Movement/Examples/Textures/EthanOcclusion.png using Guid(4e2f32e9a1fefc24092337ae061f3dbc) Importer(815301076,1909f56bfc062723c751e8b465ee728b)  -> (artifact id: '0655489c63a198a7fff55d77f4218139') in 0.013575 seconds
  Import took 0.015541 seconds .

========================================================================
Received Import Request.
  Time since last request: 24.637931 seconds.
  path: Assets/Materials/GroundMat.mat
  artifactKey: Guid(bb78a57017acdc249ad84451109c61b5) Importer(815301076,1909f56bfc062723c751e8b465ee728b)
Start importing Assets/Materials/GroundMat.mat using Guid(bb78a57017acdc249ad84451109c61b5) Importer(815301076,1909f56bfc062723c751e8b465ee728b)  -> (artifact id: '9ea310e324170c92d2181721822bf913') in 0.053579 seconds
  Import took 0.055947 seconds .

========================================================================
Received Import Request.
  Time since last request: 36.517116 seconds.
  path: Assets/Materials/GroundMat.mat
  artifactKey: Guid(bb78a57017acdc249ad84451109c61b5) Importer(815301076,1909f56bfc062723c751e8b465ee728b)
Start importing Assets/Materials/GroundMat.mat using Guid(bb78a57017acdc249ad84451109c61b5) Importer(815301076,1909f56bfc062723c751e8b465ee728b)  -> (artifact id: 'd2972fffe05f82b4b175b543d6c7fb71') in 0.022632 seconds
  Import took 0.024984 seconds .

========================================================================
Received Import Request.
  Time since last request: 0.000188 seconds.
  path: Assets/Materials/RAM_mat.mat
  artifactKey: Guid(b4844a5f0445512489e747404ee9473e) Importer(815301076,1909f56bfc062723c751e8b465ee728b)
Start importing Assets/Materials/RAM_mat.mat using Guid(b4844a5f0445512489e747404ee9473e) Importer(815301076,1909f56bfc062723c751e8b465ee728b)  -> (artifact id: '0953ade540ef914ae420d67f7fe773cb') in 0.010160 seconds
  Import took 0.012118 seconds .

========================================================================
Received Prepare
Registering precompiled user dll's ...
Registered in 0.000547 seconds.
Begin MonoManager ReloadAssembly
Native extension for WindowsStandalone target not found
Native extension for WebGL target not found
Refreshing native plugins compatible for Editor in 0.30 ms, found 0 plugins.
Preloading 0 native plugins for Editor in 0.00 ms.
Mono: successfully reloaded assembly
- Completed reload, in  0.668 seconds
Platform modules already initialized, skipping
Refreshing native plugins compatible for Editor in 0.37 ms, found 0 plugins.
Preloading 0 native plugins for Editor in 0.00 ms.
Unloading 1306 Unused Serialized files (Serialized files now loaded: 0)
System memory in use before: 157.8 MB.
System memory in use after: 157.9 MB.

Unloading 7 unused Assets to reduce memory usage. Loaded Objects now: 1836.
Total: 1.670200 ms (FindLiveObjects: 0.184000 ms CreateObjectMapping: 0.030600 ms MarkObjects: 1.368200 ms  DeleteObjects: 0.086700 ms)

========================================================================
Received Import Request.
  Time since last request: 49.578710 seconds.
  path: Assets/Materials/GroundMat.mat
  artifactKey: Guid(bb78a57017acdc249ad84451109c61b5) Importer(815301076,1909f56bfc062723c751e8b465ee728b)
Start importing Assets/Materials/GroundMat.mat using Guid(bb78a57017acdc249ad84451109c61b5) Importer(815301076,1909f56bfc062723c751e8b465ee728b)  -> (artifact id: '71c8748d40eba080ce6d7270d377a9db') in 0.053030 seconds
  Import took 0.055436 seconds .

========================================================================
Received Import Request.
  Time since last request: 0.834607 seconds.
  path: Assets/New Terrain.asset
  artifactKey: Guid(59ec57e6be96a5141861880702ea1809) Importer(815301076,1909f56bfc062723c751e8b465ee728b)
Start importing Assets/New Terrain.asset using Guid(59ec57e6be96a5141861880702ea1809) Importer(815301076,1909f56bfc062723c751e8b465ee728b)  -> (artifact id: '5837aa36fd07d83b8d88a67a31c67edb') in 0.015796 seconds
  Import took 0.018189 seconds .

========================================================================
Received Import Request.
  Time since last request: 248.753760 seconds.
  path: Assets/Easy Character Movement/Walkthrough/16 - Dash
  artifactKey: Guid(1e8b7afca6238eb428d07c85f8e100bc) Importer(815301076,1909f56bfc062723c751e8b465ee728b)
Start importing Assets/Easy Character Movement/Walkthrough/16 - Dash using Guid(1e8b7afca6238eb428d07c85f8e100bc) Importer(815301076,1909f56bfc062723c751e8b465ee728b)  -> (artifact id: '83a059d47be29d54c39100722236dadf') in 0.010659 seconds
  Import took 0.013125 seconds .

========================================================================
Received Import Request.
  Time since last request: 0.785836 seconds.
  path: Assets/Easy Character Movement/Walkthrough/16 - Dash/Scripts
  artifactKey: Guid(5be5a8a278723d940a65a6998dd7992d) Importer(815301076,1909f56bfc062723c751e8b465ee728b)
Start importing Assets/Easy Character Movement/Walkthrough/16 - Dash/Scripts using Guid(5be5a8a278723d940a65a6998dd7992d) Importer(815301076,1909f56bfc062723c751e8b465ee728b)  -> (artifact id: '407d21a2109b4151350768cabfb62a90') in 0.005446 seconds
  Import took 0.007683 seconds .

========================================================================
Received Import Request.
  Time since last request: 0.611074 seconds.
  path: Assets/Easy Character Movement/Walkthrough/16 - Dash/Scripts/DashingCharacter.cs
  artifactKey: Guid(2498896a11cf1974ebd44cf7ebb94fa1) Importer(815301076,1909f56bfc062723c751e8b465ee728b)
Start importing Assets/Easy Character Movement/Walkthrough/16 - Dash/Scripts/DashingCharacter.cs using Guid(2498896a11cf1974ebd44cf7ebb94fa1) Importer(815301076,1909f56bfc062723c751e8b465ee728b)  -> (artifact id: '62272babcc2e7d6c5142ac8bd30c1ce2') in 0.007462 seconds
  Import took 0.009748 seconds .

========================================================================
Received Prepare
Registering precompiled user dll's ...
Registered in 0.000568 seconds.
Begin MonoManager ReloadAssembly
Native extension for WindowsStandalone target not found
Native extension for WebGL target not found
Refreshing native plugins compatible for Editor in 0.40 ms, found 0 plugins.
Preloading 0 native plugins for Editor in 0.00 ms.
Mono: successfully reloaded assembly
- Completed reload, in  0.670 seconds
Platform modules already initialized, skipping
Refreshing native plugins compatible for Editor in 0.35 ms, found 0 plugins.
Preloading 0 native plugins for Editor in 0.00 ms.
Unloading 1306 Unused Serialized files (Serialized files now loaded: 0)
System memory in use before: 157.8 MB.
System memory in use after: 157.9 MB.

Unloading 7 unused Assets to reduce memory usage. Loaded Objects now: 1840.
Total: 1.839300 ms (FindLiveObjects: 0.156000 ms CreateObjectMapping: 0.034200 ms MarkObjects: 1.551600 ms  DeleteObjects: 0.096400 ms)

========================================================================
Received Prepare
Registering precompiled user dll's ...
Registered in 0.000491 seconds.
Begin MonoManager ReloadAssembly
Native extension for WindowsStandalone target not found
Native extension for WebGL target not found
Refreshing native plugins compatible for Editor in 0.29 ms, found 0 plugins.
Preloading 0 native plugins for Editor in 0.00 ms.
Mono: successfully reloaded assembly
- Completed reload, in  0.662 seconds
Platform modules already initialized, skipping
Refreshing native plugins compatible for Editor in 0.31 ms, found 0 plugins.
Preloading 0 native plugins for Editor in 0.00 ms.
Unloading 1306 Unused Serialized files (Serialized files now loaded: 0)
System memory in use before: 157.9 MB.
System memory in use after: 157.9 MB.

Unloading 6 unused Assets to reduce memory usage. Loaded Objects now: 1843.
Total: 1.872000 ms (FindLiveObjects: 0.225000 ms CreateObjectMapping: 0.034800 ms MarkObjects: 1.522100 ms  DeleteObjects: 0.088900 ms)

========================================================================
Received Prepare
Registering precompiled user dll's ...
Registered in 0.000613 seconds.
Begin MonoManager ReloadAssembly
Native extension for WindowsStandalone target not found
Native extension for WebGL target not found
Refreshing native plugins compatible for Editor in 0.28 ms, found 0 plugins.
Preloading 0 native plugins for Editor in 0.00 ms.
Mono: successfully reloaded assembly
- Completed reload, in  0.661 seconds
Platform modules already initialized, skipping
Refreshing native plugins compatible for Editor in 0.43 ms, found 0 plugins.
Preloading 0 native plugins for Editor in 0.00 ms.
Unloading 1306 Unused Serialized files (Serialized files now loaded: 0)
System memory in use before: 157.9 MB.
System memory in use after: 157.9 MB.

Unloading 6 unused Assets to reduce memory usage. Loaded Objects now: 1846.
Total: 2.257900 ms (FindLiveObjects: 0.305200 ms CreateObjectMapping: 0.092000 ms MarkObjects: 1.774100 ms  DeleteObjects: 0.085100 ms)

========================================================================
Received Import Request.
  Time since last request: 289.721475 seconds.
  path: Assets/Easy Character Movement/Easy Character Movement - Manual.pdf
  artifactKey: Guid(88e417cfc064f8f458920fffa52fae9e) Importer(815301076,1909f56bfc062723c751e8b465ee728b)
Start importing Assets/Easy Character Movement/Easy Character Movement - Manual.pdf using Guid(88e417cfc064f8f458920fffa52fae9e) Importer(815301076,1909f56bfc062723c751e8b465ee728b)  -> (artifact id: '3f7d40e6c637c56ecec267beca8e3d49') in 0.015908 seconds
  Import took 0.018195 seconds .

========================================================================
Received Import Request.
  Time since last request: 0.659406 seconds.
  path: Assets/Easy Character Movement/Easy Character Movement - Walkthrough.pdf
  artifactKey: Guid(125075d0f2926d54b8f9c26355dfa031) Importer(815301076,1909f56bfc062723c751e8b465ee728b)
Start importing Assets/Easy Character Movement/Easy Character Movement - Walkthrough.pdf using Guid(125075d0f2926d54b8f9c26355dfa031) Importer(815301076,1909f56bfc062723c751e8b465ee728b)  -> (artifact id: 'f01b662ddf67bbfe3eb9a00314a2ac7c') in 0.006687 seconds
  Import took 0.009199 seconds .

========================================================================
Received Import Request.
  Time since last request: 46.628415 seconds.
  path: Assets/Easy Character Movement/Walkthrough/16 - Dash/Scripts/DashingCharacter.cs
  artifactKey: Guid(2498896a11cf1974ebd44cf7ebb94fa1) Importer(815301076,1909f56bfc062723c751e8b465ee728b)
Start importing Assets/Easy Character Movement/Walkthrough/16 - Dash/Scripts/DashingCharacter.cs using Guid(2498896a11cf1974ebd44cf7ebb94fa1) Importer(815301076,1909f56bfc062723c751e8b465ee728b)  -> (artifact id: '28f08e37cdc477bd6c3f2a94ed8c5b67') in 0.001913 seconds
  Import took 0.004240 seconds .

========================================================================
Received Import Request.
  Time since last request: 0.001160 seconds.
  path: Assets/Easy Character Movement/Walkthrough/16 - Dash/Scripts/DashingCharacter.cs
  artifactKey: Guid(2498896a11cf1974ebd44cf7ebb94fa1) Importer(815301076,1909f56bfc062723c751e8b465ee728b)
Start importing Assets/Easy Character Movement/Walkthrough/16 - Dash/Scripts/DashingCharacter.cs using Guid(2498896a11cf1974ebd44cf7ebb94fa1) Importer(815301076,1909f56bfc062723c751e8b465ee728b)  -> (artifact id: '28f08e37cdc477bd6c3f2a94ed8c5b67') in 0.001469 seconds
  Import took 0.002940 seconds .

========================================================================
Received Prepare
Registering precompiled user dll's ...
Registered in 0.000505 seconds.
Begin MonoManager ReloadAssembly
Native extension for WindowsStandalone target not found
Native extension for WebGL target not found
Refreshing native plugins compatible for Editor in 0.29 ms, found 0 plugins.
Preloading 0 native plugins for Editor in 0.00 ms.
Mono: successfully reloaded assembly
- Completed reload, in  0.676 seconds
Platform modules already initialized, skipping
Refreshing native plugins compatible for Editor in 0.49 ms, found 0 plugins.
Preloading 0 native plugins for Editor in 0.00 ms.
Unloading 1306 Unused Serialized files (Serialized files now loaded: 0)
System memory in use before: 157.9 MB.
System memory in use after: 158.0 MB.

Unloading 6 unused Assets to reduce memory usage. Loaded Objects now: 1849.
Total: 1.688300 ms (FindLiveObjects: 0.178700 ms CreateObjectMapping: 0.031400 ms MarkObjects: 1.391600 ms  DeleteObjects: 0.085500 ms)

========================================================================
Received Prepare
Registering precompiled user dll's ...
Registered in 0.000662 seconds.
Begin MonoManager ReloadAssembly
Native extension for WindowsStandalone target not found
Native extension for WebGL target not found
Refreshing native plugins compatible for Editor in 0.30 ms, found 0 plugins.
Preloading 0 native plugins for Editor in 0.00 ms.
Mono: successfully reloaded assembly
- Completed reload, in  0.648 seconds
Platform modules already initialized, skipping
Refreshing native plugins compatible for Editor in 0.32 ms, found 0 plugins.
Preloading 0 native plugins for Editor in 0.00 ms.
Unloading 1306 Unused Serialized files (Serialized files now loaded: 0)
System memory in use before: 157.9 MB.
System memory in use after: 158.0 MB.

Unloading 6 unused Assets to reduce memory usage. Loaded Objects now: 1852.
Total: 1.877100 ms (FindLiveObjects: 0.212700 ms CreateObjectMapping: 0.031300 ms MarkObjects: 1.542900 ms  DeleteObjects: 0.088700 ms)

========================================================================
Received Prepare
Registering precompiled user dll's ...
Registered in 0.000586 seconds.
Begin MonoManager ReloadAssembly
Native extension for WindowsStandalone target not found
Native extension for WebGL target not found
Refreshing native plugins compatible for Editor in 0.29 ms, found 0 plugins.
Preloading 0 native plugins for Editor in 0.00 ms.
Mono: successfully reloaded assembly
- Completed reload, in  0.662 seconds
Platform modules already initialized, skipping
Refreshing native plugins compatible for Editor in 0.34 ms, found 0 plugins.
Preloading 0 native plugins for Editor in 0.00 ms.
Unloading 1306 Unused Serialized files (Serialized files now loaded: 0)
System memory in use before: 157.9 MB.
System memory in use after: 158.0 MB.

Unloading 6 unused Assets to reduce memory usage. Loaded Objects now: 1855.
Total: 1.761200 ms (FindLiveObjects: 0.222300 ms CreateObjectMapping: 0.034100 ms MarkObjects: 1.418100 ms  DeleteObjects: 0.085500 ms)

========================================================================
Received Prepare
Registering precompiled user dll's ...
Registered in 0.000623 seconds.
Begin MonoManager ReloadAssembly
Native extension for WindowsStandalone target not found
Native extension for WebGL target not found
Refreshing native plugins compatible for Editor in 0.29 ms, found 0 plugins.
Preloading 0 native plugins for Editor in 0.00 ms.
Mono: successfully reloaded assembly
- Completed reload, in  0.680 seconds
Platform modules already initialized, skipping
Refreshing native plugins compatible for Editor in 0.43 ms, found 0 plugins.
Preloading 0 native plugins for Editor in 0.00 ms.
Unloading 1306 Unused Serialized files (Serialized files now loaded: 0)
System memory in use before: 157.9 MB.
System memory in use after: 158.0 MB.

Unloading 6 unused Assets to reduce memory usage. Loaded Objects now: 1858.
Total: 1.718100 ms (FindLiveObjects: 0.175900 ms CreateObjectMapping: 0.032200 ms MarkObjects: 1.423500 ms  DeleteObjects: 0.085500 ms)

========================================================================
Received Prepare
Registering precompiled user dll's ...
Registered in 0.000493 seconds.
Begin MonoManager ReloadAssembly
Native extension for WindowsStandalone target not found
Native extension for WebGL target not found
Refreshing native plugins compatible for Editor in 0.29 ms, found 0 plugins.
Preloading 0 native plugins for Editor in 0.00 ms.
Mono: successfully reloaded assembly
- Completed reload, in  0.673 seconds
Platform modules already initialized, skipping
Refreshing native plugins compatible for Editor in 0.33 ms, found 0 plugins.
Preloading 0 native plugins for Editor in 0.00 ms.
Unloading 1306 Unused Serialized files (Serialized files now loaded: 0)
System memory in use before: 157.9 MB.
System memory in use after: 158.0 MB.

Unloading 6 unused Assets to reduce memory usage. Loaded Objects now: 1861.
Total: 1.699400 ms (FindLiveObjects: 0.194200 ms CreateObjectMapping: 0.031300 ms MarkObjects: 1.394400 ms  DeleteObjects: 0.078600 ms)

========================================================================
Received Prepare
Registering precompiled user dll's ...
Registered in 0.000652 seconds.
Begin MonoManager ReloadAssembly
Native extension for WindowsStandalone target not found
Native extension for WebGL target not found
Refreshing native plugins compatible for Editor in 0.28 ms, found 0 plugins.
Preloading 0 native plugins for Editor in 0.00 ms.
Mono: successfully reloaded assembly
- Completed reload, in  0.656 seconds
Platform modules already initialized, skipping
Refreshing native plugins compatible for Editor in 0.52 ms, found 0 plugins.
Preloading 0 native plugins for Editor in 0.00 ms.
Unloading 1306 Unused Serialized files (Serialized files now loaded: 0)
System memory in use before: 157.9 MB.
System memory in use after: 158.0 MB.

Unloading 6 unused Assets to reduce memory usage. Loaded Objects now: 1864.
Total: 2.201100 ms (FindLiveObjects: 0.217100 ms CreateObjectMapping: 0.031600 ms MarkObjects: 1.849800 ms  DeleteObjects: 0.101100 ms)

========================================================================
Received Prepare
Registering precompiled user dll's ...
Registered in 0.000458 seconds.
Begin MonoManager ReloadAssembly
Native extension for WindowsStandalone target not found
Native extension for WebGL target not found
Refreshing native plugins compatible for Editor in 0.29 ms, found 0 plugins.
Preloading 0 native plugins for Editor in 0.00 ms.
Mono: successfully reloaded assembly
- Completed reload, in  0.659 seconds
Platform modules already initialized, skipping
Refreshing native plugins compatible for Editor in 0.32 ms, found 0 plugins.
Preloading 0 native plugins for Editor in 0.00 ms.
Unloading 1306 Unused Serialized files (Serialized files now loaded: 0)
System memory in use before: 157.9 MB.
System memory in use after: 158.0 MB.

Unloading 6 unused Assets to reduce memory usage. Loaded Objects now: 1867.
Total: 1.947800 ms (FindLiveObjects: 0.220100 ms CreateObjectMapping: 0.033500 ms MarkObjects: 1.598500 ms  DeleteObjects: 0.094300 ms)

========================================================================
Received Prepare
Registering precompiled user dll's ...
Registered in 0.000615 seconds.
Begin MonoManager ReloadAssembly
Native extension for WindowsStandalone target not found
Native extension for WebGL target not found
Refreshing native plugins compatible for Editor in 0.29 ms, found 0 plugins.
Preloading 0 native plugins for Editor in 0.00 ms.
Mono: successfully reloaded assembly
- Completed reload, in  0.696 seconds
Platform modules already initialized, skipping
Refreshing native plugins compatible for Editor in 0.32 ms, found 0 plugins.
Preloading 0 native plugins for Editor in 0.00 ms.
Unloading 1306 Unused Serialized files (Serialized files now loaded: 0)
System memory in use before: 157.9 MB.
System memory in use after: 158.0 MB.

Unloading 6 unused Assets to reduce memory usage. Loaded Objects now: 1870.
Total: 1.928700 ms (FindLiveObjects: 0.209900 ms CreateObjectMapping: 0.033800 ms MarkObjects: 1.586800 ms  DeleteObjects: 0.096900 ms)

========================================================================
Received Prepare
Registering precompiled user dll's ...
Registered in 0.000565 seconds.
Begin MonoManager ReloadAssembly
Native extension for WindowsStandalone target not found
Native extension for WebGL target not found
Refreshing native plugins compatible for Editor in 0.29 ms, found 0 plugins.
Preloading 0 native plugins for Editor in 0.00 ms.
Mono: successfully reloaded assembly
- Completed reload, in  0.659 seconds
Platform modules already initialized, skipping
Refreshing native plugins compatible for Editor in 0.32 ms, found 0 plugins.
Preloading 0 native plugins for Editor in 0.00 ms.
Unloading 1306 Unused Serialized files (Serialized files now loaded: 0)
System memory in use before: 157.9 MB.
System memory in use after: 158.0 MB.

Unloading 6 unused Assets to reduce memory usage. Loaded Objects now: 1873.
Total: 1.651900 ms (FindLiveObjects: 0.179100 ms CreateObjectMapping: 0.034200 ms MarkObjects: 1.361900 ms  DeleteObjects: 0.076100 ms)

========================================================================
Received Prepare
Registering precompiled user dll's ...
Registered in 0.000795 seconds.
Begin MonoManager ReloadAssembly
Native extension for WindowsStandalone target not found
Native extension for WebGL target not found
Refreshing native plugins compatible for Editor in 0.35 ms, found 0 plugins.
Preloading 0 native plugins for Editor in 0.00 ms.
Mono: successfully reloaded assembly
- Completed reload, in  0.670 seconds
Platform modules already initialized, skipping
Refreshing native plugins compatible for Editor in 0.32 ms, found 0 plugins.
Preloading 0 native plugins for Editor in 0.00 ms.
Unloading 1306 Unused Serialized files (Serialized files now loaded: 0)
System memory in use before: 157.9 MB.
System memory in use after: 158.0 MB.

Unloading 6 unused Assets to reduce memory usage. Loaded Objects now: 1876.
Total: 1.923500 ms (FindLiveObjects: 0.240100 ms CreateObjectMapping: 0.031000 ms MarkObjects: 1.551300 ms  DeleteObjects: 0.099700 ms)

AssetImportWorkerClient::OnTransportError - code=2 error=End of file
